<?xml version="1.0" encoding="UTF-8"?>
<coverage generated="1781336111714" clover="3.2.0">
  <project timestamp="1781336111714" name="All files">
    <metrics statements="90" coveredstatements="81" conditionals="68" coveredconditionals="54" methods="15" coveredmethods="15" elements="173" coveredelements="150" complexity="0" loc="90" ncloc="90" packages="1" files="2" classes="2"/>
    <file name="pieces.js" path="/home/tebandam/Desktop/tetris/client/src/pieces.js">
      <metrics statements="1" coveredstatements="1" conditionals="0" coveredconditionals="0" methods="0" coveredmethods="0"/>
      <line num="2" count="1" type="stmt"/>
    </file>
    <file name="utils.js" path="/home/tebandam/Desktop/tetris/client/src/utils.js">
      <metrics statements="89" coveredstatements="80" conditionals="68" coveredconditionals="54" methods="15" coveredmethods="15"/>
      <line num="12" count="3" type="stmt"/>
      <line num="13" count="3" type="stmt"/>
      <line num="15" count="596" type="stmt"/>
      <line num="16" count="30" type="cond" truecount="2" falsecount="0"/>
      <line num="18" count="30" type="stmt"/>
      <line num="37" count="5" type="stmt"/>
      <line num="39" count="9" type="stmt"/>
      <line num="42" count="15" type="stmt"/>
      <line num="43" count="15" type="stmt"/>
      <line num="45" count="15" type="cond" truecount="1" falsecount="1"/>
      <line num="48" count="15" type="stmt"/>
      <line num="49" count="15" type="cond" truecount="2" falsecount="0"/>
      <line num="51" count="15" type="cond" truecount="4" falsecount="0"/>
      <line num="52" count="2" type="stmt"/>
      <line num="55" count="13" type="stmt"/>
      <line num="56" count="13" type="stmt"/>
      <line num="58" count="13" type="cond" truecount="4" falsecount="0"/>
      <line num="59" count="1" type="stmt"/>
      <line num="63" count="2" type="stmt"/>
      <line num="73" count="3" type="cond" truecount="2" falsecount="0"/>
      <line num="74" count="1" type="stmt"/>
      <line num="76" count="2" type="stmt"/>
      <line num="79" count="2" type="stmt"/>
      <line num="81" count="2" type="cond" truecount="2" falsecount="0"/>
      <line num="82" count="1" type="stmt"/>
      <line num="84" count="1" type="stmt"/>
      <line num="95" count="3" type="stmt"/>
      <line num="96" count="3" type="stmt"/>
      <line num="99" count="3" type="stmt"/>
      <line num="101" count="6" type="stmt"/>
      <line num="103" count="16" type="cond" truecount="2" falsecount="0"/>
      <line num="105" count="7" type="stmt"/>
      <line num="106" count="7" type="stmt"/>
      <line num="109" count="7" type="cond" truecount="5" falsecount="0"/>
      <line num="110" count="1" type="stmt"/>
      <line num="112" count="6" type="cond" truecount="5" falsecount="0"/>
      <line num="113" count="1" type="stmt"/>
      <line num="118" count="1" type="stmt"/>
      <line num="129" count="43" type="stmt"/>
      <line num="130" count="43" type="stmt"/>
      <line num="132" count="84" type="stmt"/>
      <line num="134" count="164" type="cond" truecount="1" falsecount="1"/>
      <line num="136" count="164" type="stmt"/>
      <line num="137" count="164" type="stmt"/>
      <line num="138" count="164" type="cond" truecount="5" falsecount="0"/>
      <line num="139" count="3" type="stmt"/>
      <line num="140" count="161" type="cond" truecount="5" falsecount="0"/>
      <line num="141" count="2" type="stmt"/>
      <line num="145" count="38" type="stmt"/>
      <line num="155" count="3" type="stmt"/>
      <line num="157" count="3" type="stmt"/>
      <line num="158" count="35" type="stmt"/>
      <line num="160" count="3" type="stmt"/>
      <line num="170" count="3" type="stmt"/>
      <line num="172" count="3" type="stmt"/>
      <line num="174" count="87" type="cond" truecount="4" falsecount="0"/>
      <line num="176" count="3" type="stmt"/>
      <line num="179" count="60" type="stmt"/>
      <line num="193" count="20" type="stmt"/>
      <line num="195" count="1" type="stmt"/>
      <line num="197" count="1" type="stmt"/>
      <line num="199" count="1" type="stmt"/>
      <line num="209" count="3" type="stmt"/>
      <line num="211" count="5" type="stmt"/>
      <line num="213" count="3" type="stmt"/>
      <line num="215" count="3" type="stmt"/>
      <line num="225" count="3" type="cond" truecount="4" falsecount="0"/>
      <line num="226" count="1" type="stmt"/>
      <line num="227" count="2" type="stmt"/>
      <line num="228" count="2" type="stmt"/>
      <line num="229" count="2" type="stmt"/>
      <line num="231" count="2" type="cond" truecount="4" falsecount="6"/>
      <line num="236" count="0" type="stmt"/>
      <line num="237" count="0" type="stmt"/>
      <line num="238" count="0" type="stmt"/>
      <line num="241" count="0" type="cond" truecount="0" falsecount="2"/>
      <line num="242" count="0" type="stmt"/>
      <line num="243" count="0" type="stmt"/>
      <line num="246" count="0" type="cond" truecount="0" falsecount="2"/>
      <line num="247" count="0" type="stmt"/>
      <line num="248" count="0" type="stmt"/>
      <line num="251" count="1" type="cond" truecount="1" falsecount="1"/>
      <line num="252" count="1" type="stmt"/>
      <line num="253" count="1" type="stmt"/>
      <line num="256" count="1" type="cond" truecount="1" falsecount="1"/>
      <line num="257" count="1" type="stmt"/>
      <line num="258" count="1" type="stmt"/>
      <line num="260" count="2" type="stmt"/>
      <line num="261" count="2" type="stmt"/>
    </file>
  </project>
</coverage>
