<?xml version="1.0" encoding="UTF-8"?>
<coverage generated="1780987921599" clover="3.2.0">
  <project timestamp="1780987921599" name="All files">
    <metrics statements="77" coveredstatements="68" conditionals="66" coveredconditionals="52" methods="10" coveredmethods="10" elements="153" coveredelements="130" complexity="0" loc="77" ncloc="77" packages="1" files="2" classes="2"/>
    <file name="pieces.js" path="/home/tebandam/Desktop/tetris/client/src/pieces.js">
      <metrics statements="1" coveredstatements="1" conditionals="0" coveredconditionals="0" methods="0" coveredmethods="0"/>
      <line num="2" count="1" type="stmt"/>
    </file>
    <file name="utils.js" path="/home/tebandam/Desktop/tetris/client/src/utils.js">
      <metrics statements="76" coveredstatements="67" conditionals="66" coveredconditionals="52" methods="10" coveredmethods="10"/>
      <line num="19" count="5" type="stmt"/>
      <line num="21" count="9" type="stmt"/>
      <line num="24" count="15" type="stmt"/>
      <line num="25" count="15" type="stmt"/>
      <line num="27" count="15" type="cond" truecount="1" falsecount="1"/>
      <line num="30" count="15" type="stmt"/>
      <line num="31" count="15" type="cond" truecount="2" falsecount="0"/>
      <line num="33" count="15" type="cond" truecount="4" falsecount="0"/>
      <line num="34" count="2" type="stmt"/>
      <line num="37" count="13" type="stmt"/>
      <line num="38" count="13" type="stmt"/>
      <line num="40" count="13" type="cond" truecount="4" falsecount="0"/>
      <line num="41" count="1" type="stmt"/>
      <line num="45" count="2" type="stmt"/>
      <line num="55" count="3" type="cond" truecount="2" falsecount="0"/>
      <line num="56" count="1" type="stmt"/>
      <line num="58" count="2" type="stmt"/>
      <line num="61" count="2" type="stmt"/>
      <line num="63" count="2" type="cond" truecount="2" falsecount="0"/>
      <line num="64" count="1" type="stmt"/>
      <line num="66" count="1" type="stmt"/>
      <line num="77" count="3" type="stmt"/>
      <line num="78" count="3" type="stmt"/>
      <line num="81" count="3" type="stmt"/>
      <line num="83" count="6" type="stmt"/>
      <line num="85" count="16" type="cond" truecount="2" falsecount="0"/>
      <line num="87" count="7" type="stmt"/>
      <line num="88" count="7" type="stmt"/>
      <line num="91" count="7" type="cond" truecount="5" falsecount="0"/>
      <line num="92" count="1" type="stmt"/>
      <line num="94" count="6" type="cond" truecount="5" falsecount="0"/>
      <line num="95" count="1" type="stmt"/>
      <line num="100" count="1" type="stmt"/>
      <line num="111" count="5" type="stmt"/>
      <line num="112" count="5" type="stmt"/>
      <line num="114" count="8" type="stmt"/>
      <line num="116" count="15" type="cond" truecount="1" falsecount="1"/>
      <line num="118" count="15" type="stmt"/>
      <line num="119" count="15" type="stmt"/>
      <line num="120" count="15" type="cond" truecount="5" falsecount="0"/>
      <line num="121" count="1" type="stmt"/>
      <line num="122" count="14" type="cond" truecount="5" falsecount="0"/>
      <line num="123" count="1" type="stmt"/>
      <line num="127" count="3" type="stmt"/>
      <line num="137" count="3" type="stmt"/>
      <line num="139" count="3" type="stmt"/>
      <line num="141" count="87" type="cond" truecount="4" falsecount="0"/>
      <line num="143" count="3" type="stmt"/>
      <line num="146" count="60" type="stmt"/>
      <line num="160" count="20" type="stmt"/>
      <line num="162" count="1" type="stmt"/>
      <line num="164" count="1" type="stmt"/>
      <line num="166" count="1" type="stmt"/>
      <line num="176" count="3" type="cond" truecount="4" falsecount="0"/>
      <line num="177" count="1" type="stmt"/>
      <line num="178" count="2" type="stmt"/>
      <line num="179" count="2" type="stmt"/>
      <line num="180" count="2" type="stmt"/>
      <line num="182" count="2" type="cond" truecount="4" falsecount="6"/>
      <line num="187" count="0" type="stmt"/>
      <line num="188" count="0" type="stmt"/>
      <line num="189" count="0" type="stmt"/>
      <line num="192" count="0" type="cond" truecount="0" falsecount="2"/>
      <line num="193" count="0" type="stmt"/>
      <line num="194" count="0" type="stmt"/>
      <line num="197" count="0" type="cond" truecount="0" falsecount="2"/>
      <line num="198" count="0" type="stmt"/>
      <line num="199" count="0" type="stmt"/>
      <line num="202" count="1" type="cond" truecount="1" falsecount="1"/>
      <line num="203" count="1" type="stmt"/>
      <line num="204" count="1" type="stmt"/>
      <line num="207" count="1" type="cond" truecount="1" falsecount="1"/>
      <line num="208" count="1" type="stmt"/>
      <line num="209" count="1" type="stmt"/>
      <line num="211" count="2" type="stmt"/>
      <line num="212" count="2" type="stmt"/>
    </file>
  </project>
</coverage>
