{"/home/tebandam/Desktop/tetris/client/src/pieces.js": {"path":"/home/tebandam/Desktop/tetris/client/src/pieces.js","statementMap":{"0":{"start":{"line":2,"column":0},"end":{"line":123,"column":1}}},"fnMap":{},"branchMap":{},"s":{"0":1},"f":{},"b":{},"meta":{"lastBranch":0,"lastFunction":0,"lastStatement":1,"seen":{"s:2:0:123:1":0}}}
,"/home/tebandam/Desktop/tetris/client/src/utils.js": {"path":"/home/tebandam/Desktop/tetris/client/src/utils.js","statementMap":{"0":{"start":{"line":12,"column":18},"end":{"line":12,"column":31}},"1":{"start":{"line":13,"column":1},"end":{"line":17,"column":null}},"2":{"start":{"line":13,"column":16},"end":{"line":13,"column":17}},"3":{"start":{"line":15,"column":24},"end":{"line":15,"column":65}},"4":{"start":{"line":15,"column":48},"end":{"line":15,"column":64}},"5":{"start":{"line":16,"column":2},"end":{"line":16,"column":null}},"6":{"start":{"line":18,"column":1},"end":{"line":18,"column":null}},"7":{"start":{"line":37,"column":1},"end":{"line":62,"column":null}},"8":{"start":{"line":37,"column":14},"end":{"line":37,"column":15}},"9":{"start":{"line":39,"column":2},"end":{"line":61,"column":null}},"10":{"start":{"line":39,"column":15},"end":{"line":39,"column":16}},"11":{"start":{"line":42,"column":22},"end":{"line":42,"column":40}},"12":{"start":{"line":43,"column":22},"end":{"line":43,"column":36}},"13":{"start":{"line":45,"column":3},"end":{"line":60,"column":null}},"14":{"start":{"line":48,"column":28},"end":{"line":48,"column":52}},"15":{"start":{"line":49,"column":27},"end":{"line":49,"column":68}},"16":{"start":{"line":51,"column":4},"end":{"line":52,"column":null}},"17":{"start":{"line":52,"column":5},"end":{"line":52,"column":null}},"18":{"start":{"line":55,"column":25},"end":{"line":55,"column":59}},"19":{"start":{"line":56,"column":27},"end":{"line":56,"column":63}},"20":{"start":{"line":58,"column":4},"end":{"line":59,"column":null}},"21":{"start":{"line":59,"column":5},"end":{"line":59,"column":null}},"22":{"start":{"line":63,"column":1},"end":{"line":63,"column":null}},"23":{"start":{"line":73,"column":1},"end":{"line":74,"column":null}},"24":{"start":{"line":74,"column":2},"end":{"line":74,"column":null}},"25":{"start":{"line":76,"column":20},"end":{"line":76,"column":55}},"26":{"start":{"line":79,"column":19},"end":{"line":79,"column":86}},"27":{"start":{"line":81,"column":1},"end":{"line":84,"column":null}},"28":{"start":{"line":82,"column":2},"end":{"line":82,"column":null}},"29":{"start":{"line":84,"column":2},"end":{"line":84,"column":null}},"30":{"start":{"line":95,"column":30},"end":{"line":95,"column":79}},"31":{"start":{"line":96,"column":26},"end":{"line":96,"column":58}},"32":{"start":{"line":99,"column":1},"end":{"line":117,"column":null}},"33":{"start":{"line":99,"column":14},"end":{"line":99,"column":15}},"34":{"start":{"line":101,"column":8},"end":{"line":116,"column":null}},"35":{"start":{"line":101,"column":21},"end":{"line":101,"column":22}},"36":{"start":{"line":103,"column":3},"end":{"line":114,"column":null}},"37":{"start":{"line":105,"column":21},"end":{"line":105,"column":35}},"38":{"start":{"line":106,"column":20},"end":{"line":106,"column":34}},"39":{"start":{"line":109,"column":4},"end":{"line":110,"column":null}},"40":{"start":{"line":110,"column":5},"end":{"line":110,"column":null}},"41":{"start":{"line":112,"column":4},"end":{"line":113,"column":null}},"42":{"start":{"line":113,"column":5},"end":{"line":113,"column":null}},"43":{"start":{"line":118,"column":1},"end":{"line":118,"column":null}},"44":{"start":{"line":129,"column":21},"end":{"line":129,"column":53}},"45":{"start":{"line":130,"column":1},"end":{"line":144,"column":null}},"46":{"start":{"line":130,"column":14},"end":{"line":130,"column":15}},"47":{"start":{"line":132,"column":2},"end":{"line":143,"column":null}},"48":{"start":{"line":132,"column":15},"end":{"line":132,"column":16}},"49":{"start":{"line":134,"column":3},"end":{"line":142,"column":null}},"50":{"start":{"line":136,"column":19},"end":{"line":136,"column":32}},"51":{"start":{"line":137,"column":19},"end":{"line":137,"column":32}},"52":{"start":{"line":138,"column":4},"end":{"line":139,"column":null}},"53":{"start":{"line":139,"column":5},"end":{"line":139,"column":null}},"54":{"start":{"line":140,"column":4},"end":{"line":141,"column":null}},"55":{"start":{"line":141,"column":20},"end":{"line":141,"column":null}},"56":{"start":{"line":145,"column":1},"end":{"line":145,"column":null}},"57":{"start":{"line":155,"column":16},"end":{"line":155,"column":19}},"58":{"start":{"line":157,"column":1},"end":{"line":158,"column":null}},"59":{"start":{"line":158,"column":2},"end":{"line":158,"column":null}},"60":{"start":{"line":160,"column":1},"end":{"line":160,"column":null}},"61":{"start":{"line":170,"column":22},"end":{"line":170,"column":24}},"62":{"start":{"line":172,"column":1},"end":{"line":178,"column":null}},"63":{"start":{"line":172,"column":14},"end":{"line":172,"column":15}},"64":{"start":{"line":174,"column":2},"end":{"line":177,"column":null}},"65":{"start":{"line":174,"column":28},"end":{"line":174,"column":54}},"66":{"start":{"line":176,"column":3},"end":{"line":176,"column":null}},"67":{"start":{"line":179,"column":1},"end":{"line":179,"column":null}},"68":{"start":{"line":193,"column":23},"end":{"line":193,"column":85}},"69":{"start":{"line":193,"column":51},"end":{"line":193,"column":84}},"70":{"start":{"line":195,"column":22},"end":{"line":195,"column":45}},"71":{"start":{"line":197,"column":20},"end":{"line":197,"column":94}},"72":{"start":{"line":197,"column":65},"end":{"line":197,"column":93}},"73":{"start":{"line":199,"column":1},"end":{"line":199,"column":null}},"74":{"start":{"line":209,"column":23},"end":{"line":209,"column":42}},"75":{"start":{"line":211,"column":21},"end":{"line":211,"column":90}},"76":{"start":{"line":211,"column":59},"end":{"line":211,"column":89}},"77":{"start":{"line":213,"column":17},"end":{"line":213,"column":51}},"78":{"start":{"line":215,"column":1},"end":{"line":215,"column":null}},"79":{"start":{"line":225,"column":1},"end":{"line":226,"column":null}},"80":{"start":{"line":226,"column":2},"end":{"line":226,"column":null}},"81":{"start":{"line":227,"column":14},"end":{"line":227,"column":24}},"82":{"start":{"line":228,"column":14},"end":{"line":228,"column":24}},"83":{"start":{"line":229,"column":24},"end":{"line":229,"column":37}},"84":{"start":{"line":231,"column":1},"end":{"line":259,"column":null}},"85":{"start":{"line":236,"column":3},"end":{"line":237,"column":null}},"86":{"start":{"line":237,"column":10},"end":{"line":237,"column":null}},"87":{"start":{"line":238,"column":3},"end":{"line":238,"column":null}},"88":{"start":{"line":241,"column":3},"end":{"line":242,"column":null}},"89":{"start":{"line":242,"column":4},"end":{"line":242,"column":null}},"90":{"start":{"line":243,"column":3},"end":{"line":243,"column":null}},"91":{"start":{"line":246,"column":3},"end":{"line":247,"column":28}},"92":{"start":{"line":247,"column":4},"end":{"line":247,"column":28}},"93":{"start":{"line":248,"column":3},"end":{"line":248,"column":null}},"94":{"start":{"line":251,"column":3},"end":{"line":252,"column":null}},"95":{"start":{"line":252,"column":4},"end":{"line":252,"column":null}},"96":{"start":{"line":253,"column":3},"end":{"line":253,"column":null}},"97":{"start":{"line":256,"column":3},"end":{"line":257,"column":null}},"98":{"start":{"line":257,"column":4},"end":{"line":257,"column":null}},"99":{"start":{"line":258,"column":3},"end":{"line":258,"column":null}},"100":{"start":{"line":260,"column":18},"end":{"line":260,"column":79}},"101":{"start":{"line":261,"column":1},"end":{"line":261,"column":null}}},"fnMap":{"0":{"name":"getSpectrum","decl":{"start":{"line":10,"column":9},"end":{"line":10,"column":20}},"loc":{"start":{"line":11,"column":0},"end":{"line":19,"column":null}},"line":11},"1":{"name":"(anonymous_1)","decl":{"start":{"line":15,"column":39},"end":{"line":15,"column":44}},"loc":{"start":{"line":15,"column":48},"end":{"line":15,"column":64}},"line":15},"2":{"name":"hasCollisionBelow","decl":{"start":{"line":35,"column":9},"end":{"line":35,"column":26}},"loc":{"start":{"line":36,"column":0},"end":{"line":64,"column":null}},"line":36},"3":{"name":"dropPiece","decl":{"start":{"line":71,"column":9},"end":{"line":71,"column":18}},"loc":{"start":{"line":72,"column":0},"end":{"line":85,"column":null}},"line":72},"4":{"name":"canRotate","decl":{"start":{"line":92,"column":9},"end":{"line":92,"column":18}},"loc":{"start":{"line":93,"column":0},"end":{"line":119,"column":null}},"line":93},"5":{"name":"canPieceMoveTo","decl":{"start":{"line":127,"column":9},"end":{"line":127,"column":23}},"loc":{"start":{"line":128,"column":0},"end":{"line":146,"column":null}},"line":128},"6":{"name":"getGhostRow","decl":{"start":{"line":153,"column":9},"end":{"line":153,"column":20}},"loc":{"start":{"line":154,"column":0},"end":{"line":161,"column":null}},"line":154},"7":{"name":"findFullLines","decl":{"start":{"line":168,"column":9},"end":{"line":168,"column":22}},"loc":{"start":{"line":169,"column":0},"end":{"line":180,"column":null}},"line":169},"8":{"name":"(anonymous_8)","decl":{"start":{"line":174,"column":20},"end":{"line":174,"column":24}},"loc":{"start":{"line":174,"column":28},"end":{"line":174,"column":54}},"line":174},"9":{"name":"getNewGrid","decl":{"start":{"line":191,"column":9},"end":{"line":191,"column":19}},"loc":{"start":{"line":192,"column":0},"end":{"line":200,"column":null}},"line":192},"10":{"name":"(anonymous_10)","decl":{"start":{"line":193,"column":35},"end":{"line":193,"column":36}},"loc":{"start":{"line":193,"column":51},"end":{"line":193,"column":84}},"line":193},"11":{"name":"(anonymous_11)","decl":{"start":{"line":197,"column":59},"end":{"line":197,"column":60}},"loc":{"start":{"line":197,"column":65},"end":{"line":197,"column":93}},"line":197},"12":{"name":"addPenaltyLines","decl":{"start":{"line":207,"column":9},"end":{"line":207,"column":24}},"loc":{"start":{"line":208,"column":0},"end":{"line":216,"column":null}},"line":208},"13":{"name":"(anonymous_13)","decl":{"start":{"line":211,"column":53},"end":{"line":211,"column":54}},"loc":{"start":{"line":211,"column":59},"end":{"line":211,"column":89}},"line":211},"14":{"name":"handleKeyPress","decl":{"start":{"line":223,"column":9},"end":{"line":223,"column":23}},"loc":{"start":{"line":224,"column":0},"end":{"line":262,"column":null}},"line":224}},"branchMap":{"0":{"loc":{"start":{"line":16,"column":18},"end":{"line":16,"column":63}},"type":"cond-expr","locations":[{"start":{"line":16,"column":41},"end":{"line":16,"column":42}},{"start":{"line":16,"column":45},"end":{"line":16,"column":63}}],"line":16},"1":{"loc":{"start":{"line":45,"column":3},"end":{"line":60,"column":null}},"type":"if","locations":[{"start":{"line":45,"column":3},"end":{"line":60,"column":null}},{"start":{},"end":{}}],"line":45},"2":{"loc":{"start":{"line":49,"column":27},"end":{"line":49,"column":68}},"type":"binary-expr","locations":[{"start":{"line":49,"column":27},"end":{"line":49,"column":41}},{"start":{"line":49,"column":45},"end":{"line":49,"column":68}}],"line":49},"3":{"loc":{"start":{"line":51,"column":4},"end":{"line":52,"column":null}},"type":"if","locations":[{"start":{"line":51,"column":4},"end":{"line":52,"column":null}},{"start":{},"end":{}}],"line":51},"4":{"loc":{"start":{"line":51,"column":8},"end":{"line":51,"column":41}},"type":"binary-expr","locations":[{"start":{"line":51,"column":8},"end":{"line":51,"column":23}},{"start":{"line":51,"column":27},"end":{"line":51,"column":41}}],"line":51},"5":{"loc":{"start":{"line":58,"column":4},"end":{"line":59,"column":null}},"type":"if","locations":[{"start":{"line":58,"column":4},"end":{"line":59,"column":null}},{"start":{},"end":{}}],"line":58},"6":{"loc":{"start":{"line":58,"column":8},"end":{"line":58,"column":38}},"type":"binary-expr","locations":[{"start":{"line":58,"column":8},"end":{"line":58,"column":20}},{"start":{"line":58,"column":24},"end":{"line":58,"column":38}}],"line":58},"7":{"loc":{"start":{"line":73,"column":1},"end":{"line":74,"column":null}},"type":"if","locations":[{"start":{"line":73,"column":1},"end":{"line":74,"column":null}},{"start":{},"end":{}}],"line":73},"8":{"loc":{"start":{"line":81,"column":1},"end":{"line":84,"column":null}},"type":"if","locations":[{"start":{"line":81,"column":1},"end":{"line":84,"column":null}},{"start":{"line":84,"column":2},"end":{"line":84,"column":null}}],"line":81},"9":{"loc":{"start":{"line":103,"column":3},"end":{"line":114,"column":null}},"type":"if","locations":[{"start":{"line":103,"column":3},"end":{"line":114,"column":null}},{"start":{},"end":{}}],"line":103},"10":{"loc":{"start":{"line":109,"column":4},"end":{"line":110,"column":null}},"type":"if","locations":[{"start":{"line":109,"column":4},"end":{"line":110,"column":null}},{"start":{},"end":{}}],"line":109},"11":{"loc":{"start":{"line":109,"column":8},"end":{"line":109,"column":68}},"type":"binary-expr","locations":[{"start":{"line":109,"column":8},"end":{"line":109,"column":19}},{"start":{"line":109,"column":23},"end":{"line":109,"column":43}},{"start":{"line":109,"column":47},"end":{"line":109,"column":68}}],"line":109},"12":{"loc":{"start":{"line":112,"column":4},"end":{"line":113,"column":null}},"type":"if","locations":[{"start":{"line":112,"column":4},"end":{"line":113,"column":null}},{"start":{},"end":{}}],"line":112},"13":{"loc":{"start":{"line":112,"column":8},"end":{"line":112,"column":88}},"type":"binary-expr","locations":[{"start":{"line":112,"column":8},"end":{"line":112,"column":20}},{"start":{"line":112,"column":25},"end":{"line":112,"column":53}},{"start":{"line":112,"column":57},"end":{"line":112,"column":87}}],"line":112},"14":{"loc":{"start":{"line":134,"column":3},"end":{"line":142,"column":null}},"type":"if","locations":[{"start":{"line":134,"column":3},"end":{"line":142,"column":null}},{"start":{},"end":{}}],"line":134},"15":{"loc":{"start":{"line":138,"column":4},"end":{"line":139,"column":null}},"type":"if","locations":[{"start":{"line":138,"column":4},"end":{"line":139,"column":null}},{"start":{},"end":{}}],"line":138},"16":{"loc":{"start":{"line":138,"column":8},"end":{"line":138,"column":65}},"type":"binary-expr","locations":[{"start":{"line":138,"column":8},"end":{"line":138,"column":18}},{"start":{"line":138,"column":22},"end":{"line":138,"column":41}},{"start":{"line":138,"column":45},"end":{"line":138,"column":65}}],"line":138},"17":{"loc":{"start":{"line":140,"column":4},"end":{"line":141,"column":null}},"type":"if","locations":[{"start":{"line":140,"column":4},"end":{"line":141,"column":null}},{"start":{},"end":{}}],"line":140},"18":{"loc":{"start":{"line":140,"column":8},"end":{"line":140,"column":83}},"type":"binary-expr","locations":[{"start":{"line":140,"column":8},"end":{"line":140,"column":19}},{"start":{"line":140,"column":24},"end":{"line":140,"column":50}},{"start":{"line":140,"column":54},"end":{"line":140,"column":82}}],"line":140},"19":{"loc":{"start":{"line":174,"column":2},"end":{"line":177,"column":null}},"type":"if","locations":[{"start":{"line":174,"column":2},"end":{"line":177,"column":null}},{"start":{},"end":{}}],"line":174},"20":{"loc":{"start":{"line":174,"column":28},"end":{"line":174,"column":54}},"type":"binary-expr","locations":[{"start":{"line":174,"column":28},"end":{"line":174,"column":38}},{"start":{"line":174,"column":42},"end":{"line":174,"column":54}}],"line":174},"21":{"loc":{"start":{"line":225,"column":1},"end":{"line":226,"column":null}},"type":"if","locations":[{"start":{"line":225,"column":1},"end":{"line":226,"column":null}},{"start":{},"end":{}}],"line":225},"22":{"loc":{"start":{"line":225,"column":5},"end":{"line":225,"column":31}},"type":"binary-expr","locations":[{"start":{"line":225,"column":5},"end":{"line":225,"column":11}},{"start":{"line":225,"column":15},"end":{"line":225,"column":31}}],"line":225},"23":{"loc":{"start":{"line":231,"column":1},"end":{"line":259,"column":null}},"type":"switch","locations":[{"start":{"line":234,"column":2},"end":{"line":234,"column":null}},{"start":{"line":235,"column":2},"end":{"line":238,"column":null}},{"start":{"line":239,"column":2},"end":{"line":239,"column":null}},{"start":{"line":240,"column":2},"end":{"line":243,"column":null}},{"start":{"line":244,"column":2},"end":{"line":244,"column":null}},{"start":{"line":245,"column":2},"end":{"line":248,"column":null}},{"start":{"line":249,"column":2},"end":{"line":249,"column":null}},{"start":{"line":250,"column":2},"end":{"line":253,"column":null}},{"start":{"line":254,"column":2},"end":{"line":254,"column":null}},{"start":{"line":255,"column":2},"end":{"line":258,"column":null}}],"line":231},"24":{"loc":{"start":{"line":241,"column":3},"end":{"line":242,"column":null}},"type":"if","locations":[{"start":{"line":241,"column":3},"end":{"line":242,"column":null}},{"start":{},"end":{}}],"line":241},"25":{"loc":{"start":{"line":246,"column":3},"end":{"line":247,"column":28}},"type":"if","locations":[{"start":{"line":246,"column":3},"end":{"line":247,"column":28}},{"start":{},"end":{}}],"line":246},"26":{"loc":{"start":{"line":251,"column":3},"end":{"line":252,"column":null}},"type":"if","locations":[{"start":{"line":251,"column":3},"end":{"line":252,"column":null}},{"start":{},"end":{}}],"line":251},"27":{"loc":{"start":{"line":256,"column":3},"end":{"line":257,"column":null}},"type":"if","locations":[{"start":{"line":256,"column":3},"end":{"line":257,"column":null}},{"start":{},"end":{}}],"line":256}},"s":{"0":3,"1":3,"2":3,"3":30,"4":596,"5":30,"6":30,"7":5,"8":5,"9":9,"10":9,"11":15,"12":15,"13":15,"14":15,"15":15,"16":15,"17":2,"18":13,"19":13,"20":13,"21":1,"22":2,"23":3,"24":1,"25":2,"26":2,"27":2,"28":1,"29":1,"30":3,"31":3,"32":3,"33":3,"34":6,"35":6,"36":16,"37":7,"38":7,"39":7,"40":1,"41":6,"42":1,"43":1,"44":43,"45":43,"46":43,"47":84,"48":84,"49":164,"50":164,"51":164,"52":164,"53":3,"54":161,"55":2,"56":38,"57":3,"58":3,"59":35,"60":3,"61":3,"62":3,"63":3,"64":60,"65":87,"66":3,"67":60,"68":1,"69":20,"70":1,"71":1,"72":1,"73":1,"74":3,"75":3,"76":5,"77":3,"78":3,"79":3,"80":1,"81":2,"82":2,"83":2,"84":2,"85":0,"86":0,"87":0,"88":0,"89":0,"90":0,"91":0,"92":0,"93":0,"94":1,"95":1,"96":1,"97":1,"98":1,"99":1,"100":2,"101":2},"f":{"0":3,"1":596,"2":5,"3":3,"4":3,"5":43,"6":3,"7":3,"8":87,"9":1,"10":20,"11":1,"12":3,"13":5,"14":3},"b":{"0":[28,2],"1":[15,0],"2":[15,15],"3":[2,13],"4":[15,13],"5":[1,12],"6":[13,12],"7":[1,2],"8":[1,1],"9":[7,9],"10":[1,6],"11":[7,7,6],"12":[1,5],"13":[6,6,5],"14":[164,0],"15":[3,161],"16":[164,164,163],"17":[2,159],"18":[161,161,159],"19":[3,57],"20":[87,57],"21":[1,2],"22":[3,2],"23":[0,0,0,0,0,0,1,1,1,1],"24":[0,0],"25":[0,0],"26":[1,0],"27":[1,0]},"meta":{"lastBranch":28,"lastFunction":15,"lastStatement":102,"seen":{"f:10:9:10:20":0,"s:12:18:12:31":0,"s:13:1:17:Infinity":1,"s:13:16:13:17":2,"s:15:24:15:65":3,"f:15:39:15:44":1,"s:15:48:15:64":4,"s:16:2:16:Infinity":5,"b:16:41:16:42:16:45:16:63":0,"s:18:1:18:Infinity":6,"f:35:9:35:26":2,"s:37:1:62:Infinity":7,"s:37:14:37:15":8,"s:39:2:61:Infinity":9,"s:39:15:39:16":10,"s:42:22:42:40":11,"s:43:22:43:36":12,"b:45:3:60:Infinity:undefined:undefined:undefined:undefined":1,"s:45:3:60:Infinity":13,"s:48:28:48:52":14,"s:49:27:49:68":15,"b:49:27:49:41:49:45:49:68":2,"b:51:4:52:Infinity:undefined:undefined:undefined:undefined":3,"s:51:4:52:Infinity":16,"b:51:8:51:23:51:27:51:41":4,"s:52:5:52:Infinity":17,"s:55:25:55:59":18,"s:56:27:56:63":19,"b:58:4:59:Infinity:undefined:undefined:undefined:undefined":5,"s:58:4:59:Infinity":20,"b:58:8:58:20:58:24:58:38":6,"s:59:5:59:Infinity":21,"s:63:1:63:Infinity":22,"f:71:9:71:18":3,"b:73:1:74:Infinity:undefined:undefined:undefined:undefined":7,"s:73:1:74:Infinity":23,"s:74:2:74:Infinity":24,"s:76:20:76:55":25,"s:79:19:79:86":26,"b:81:1:84:Infinity:84:2:84:Infinity":8,"s:81:1:84:Infinity":27,"s:82:2:82:Infinity":28,"s:84:2:84:Infinity":29,"f:92:9:92:18":4,"s:95:30:95:79":30,"s:96:26:96:58":31,"s:99:1:117:Infinity":32,"s:99:14:99:15":33,"s:101:8:116:Infinity":34,"s:101:21:101:22":35,"b:103:3:114:Infinity:undefined:undefined:undefined:undefined":9,"s:103:3:114:Infinity":36,"s:105:21:105:35":37,"s:106:20:106:34":38,"b:109:4:110:Infinity:undefined:undefined:undefined:undefined":10,"s:109:4:110:Infinity":39,"b:109:8:109:19:109:23:109:43:109:47:109:68":11,"s:110:5:110:Infinity":40,"b:112:4:113:Infinity:undefined:undefined:undefined:undefined":12,"s:112:4:113:Infinity":41,"b:112:8:112:20:112:25:112:53:112:57:112:87":13,"s:113:5:113:Infinity":42,"s:118:1:118:Infinity":43,"f:127:9:127:23":5,"s:129:21:129:53":44,"s:130:1:144:Infinity":45,"s:130:14:130:15":46,"s:132:2:143:Infinity":47,"s:132:15:132:16":48,"b:134:3:142:Infinity:undefined:undefined:undefined:undefined":14,"s:134:3:142:Infinity":49,"s:136:19:136:32":50,"s:137:19:137:32":51,"b:138:4:139:Infinity:undefined:undefined:undefined:undefined":15,"s:138:4:139:Infinity":52,"b:138:8:138:18:138:22:138:41:138:45:138:65":16,"s:139:5:139:Infinity":53,"b:140:4:141:Infinity:undefined:undefined:undefined:undefined":17,"s:140:4:141:Infinity":54,"b:140:8:140:19:140:24:140:50:140:54:140:82":18,"s:141:20:141:Infinity":55,"s:145:1:145:Infinity":56,"f:153:9:153:20":6,"s:155:16:155:19":57,"s:157:1:158:Infinity":58,"s:158:2:158:Infinity":59,"s:160:1:160:Infinity":60,"f:168:9:168:22":7,"s:170:22:170:24":61,"s:172:1:178:Infinity":62,"s:172:14:172:15":63,"b:174:2:177:Infinity:undefined:undefined:undefined:undefined":19,"s:174:2:177:Infinity":64,"f:174:20:174:24":8,"s:174:28:174:54":65,"b:174:28:174:38:174:42:174:54":20,"s:176:3:176:Infinity":66,"s:179:1:179:Infinity":67,"f:191:9:191:19":9,"s:193:23:193:85":68,"f:193:35:193:36":10,"s:193:51:193:84":69,"s:195:22:195:45":70,"s:197:20:197:94":71,"f:197:59:197:60":11,"s:197:65:197:93":72,"s:199:1:199:Infinity":73,"f:207:9:207:24":12,"s:209:23:209:42":74,"s:211:21:211:90":75,"f:211:53:211:54":13,"s:211:59:211:89":76,"s:213:17:213:51":77,"s:215:1:215:Infinity":78,"f:223:9:223:23":14,"b:225:1:226:Infinity:undefined:undefined:undefined:undefined":21,"s:225:1:226:Infinity":79,"b:225:5:225:11:225:15:225:31":22,"s:226:2:226:Infinity":80,"s:227:14:227:24":81,"s:228:14:228:24":82,"s:229:24:229:37":83,"b:234:2:234:Infinity:235:2:238:Infinity:239:2:239:Infinity:240:2:243:Infinity:244:2:244:Infinity:245:2:248:Infinity:249:2:249:Infinity:250:2:253:Infinity:254:2:254:Infinity:255:2:258:Infinity":23,"s:231:1:259:Infinity":84,"s:236:3:237:Infinity":85,"s:237:10:237:Infinity":86,"s:238:3:238:Infinity":87,"b:241:3:242:Infinity:undefined:undefined:undefined:undefined":24,"s:241:3:242:Infinity":88,"s:242:4:242:Infinity":89,"s:243:3:243:Infinity":90,"b:246:3:247:28:undefined:undefined:undefined:undefined":25,"s:246:3:247:28":91,"s:247:4:247:28":92,"s:248:3:248:Infinity":93,"b:251:3:252:Infinity:undefined:undefined:undefined:undefined":26,"s:251:3:252:Infinity":94,"s:252:4:252:Infinity":95,"s:253:3:253:Infinity":96,"b:256:3:257:Infinity:undefined:undefined:undefined:undefined":27,"s:256:3:257:Infinity":97,"s:257:4:257:Infinity":98,"s:258:3:258:Infinity":99,"s:260:18:260:79":100,"s:261:1:261:Infinity":101}}}
}
