{"/home/tebandam/Desktop/tetris/client/src/pieces.js": {"path":"/home/tebandam/Desktop/tetris/client/src/pieces.js","statementMap":{"0":{"start":{"line":2,"column":0},"end":{"line":116,"column":1}}},"fnMap":{},"branchMap":{},"s":{"0":1},"f":{},"b":{},"meta":{"lastBranch":0,"lastFunction":0,"lastStatement":1,"seen":{"s:2:0:116:1":0}}}
,"/home/tebandam/Desktop/tetris/client/src/utils.js": {"path":"/home/tebandam/Desktop/tetris/client/src/utils.js","statementMap":{"0":{"start":{"line":19,"column":1},"end":{"line":44,"column":null}},"1":{"start":{"line":19,"column":14},"end":{"line":19,"column":15}},"2":{"start":{"line":21,"column":2},"end":{"line":43,"column":null}},"3":{"start":{"line":21,"column":15},"end":{"line":21,"column":16}},"4":{"start":{"line":24,"column":22},"end":{"line":24,"column":40}},"5":{"start":{"line":25,"column":22},"end":{"line":25,"column":36}},"6":{"start":{"line":27,"column":3},"end":{"line":42,"column":null}},"7":{"start":{"line":30,"column":28},"end":{"line":30,"column":52}},"8":{"start":{"line":31,"column":27},"end":{"line":31,"column":68}},"9":{"start":{"line":33,"column":4},"end":{"line":34,"column":null}},"10":{"start":{"line":34,"column":5},"end":{"line":34,"column":null}},"11":{"start":{"line":37,"column":25},"end":{"line":37,"column":59}},"12":{"start":{"line":38,"column":27},"end":{"line":38,"column":63}},"13":{"start":{"line":40,"column":4},"end":{"line":41,"column":null}},"14":{"start":{"line":41,"column":5},"end":{"line":41,"column":null}},"15":{"start":{"line":45,"column":1},"end":{"line":45,"column":null}},"16":{"start":{"line":55,"column":1},"end":{"line":56,"column":null}},"17":{"start":{"line":56,"column":2},"end":{"line":56,"column":null}},"18":{"start":{"line":58,"column":20},"end":{"line":58,"column":55}},"19":{"start":{"line":61,"column":19},"end":{"line":61,"column":86}},"20":{"start":{"line":63,"column":1},"end":{"line":66,"column":null}},"21":{"start":{"line":64,"column":2},"end":{"line":64,"column":null}},"22":{"start":{"line":66,"column":2},"end":{"line":66,"column":null}},"23":{"start":{"line":77,"column":30},"end":{"line":77,"column":79}},"24":{"start":{"line":78,"column":26},"end":{"line":78,"column":58}},"25":{"start":{"line":81,"column":1},"end":{"line":99,"column":null}},"26":{"start":{"line":81,"column":14},"end":{"line":81,"column":15}},"27":{"start":{"line":83,"column":8},"end":{"line":98,"column":null}},"28":{"start":{"line":83,"column":21},"end":{"line":83,"column":22}},"29":{"start":{"line":85,"column":3},"end":{"line":96,"column":null}},"30":{"start":{"line":87,"column":21},"end":{"line":87,"column":35}},"31":{"start":{"line":88,"column":20},"end":{"line":88,"column":34}},"32":{"start":{"line":91,"column":4},"end":{"line":92,"column":null}},"33":{"start":{"line":92,"column":5},"end":{"line":92,"column":null}},"34":{"start":{"line":94,"column":4},"end":{"line":95,"column":null}},"35":{"start":{"line":95,"column":5},"end":{"line":95,"column":null}},"36":{"start":{"line":100,"column":1},"end":{"line":100,"column":null}},"37":{"start":{"line":111,"column":21},"end":{"line":111,"column":53}},"38":{"start":{"line":112,"column":1},"end":{"line":126,"column":null}},"39":{"start":{"line":112,"column":14},"end":{"line":112,"column":15}},"40":{"start":{"line":114,"column":2},"end":{"line":125,"column":null}},"41":{"start":{"line":114,"column":15},"end":{"line":114,"column":16}},"42":{"start":{"line":116,"column":3},"end":{"line":124,"column":null}},"43":{"start":{"line":118,"column":19},"end":{"line":118,"column":32}},"44":{"start":{"line":119,"column":19},"end":{"line":119,"column":32}},"45":{"start":{"line":120,"column":4},"end":{"line":121,"column":null}},"46":{"start":{"line":121,"column":5},"end":{"line":121,"column":null}},"47":{"start":{"line":122,"column":4},"end":{"line":123,"column":null}},"48":{"start":{"line":123,"column":20},"end":{"line":123,"column":null}},"49":{"start":{"line":127,"column":1},"end":{"line":127,"column":null}},"50":{"start":{"line":137,"column":22},"end":{"line":137,"column":24}},"51":{"start":{"line":139,"column":1},"end":{"line":145,"column":null}},"52":{"start":{"line":139,"column":14},"end":{"line":139,"column":15}},"53":{"start":{"line":141,"column":2},"end":{"line":144,"column":null}},"54":{"start":{"line":141,"column":28},"end":{"line":141,"column":54}},"55":{"start":{"line":143,"column":3},"end":{"line":143,"column":null}},"56":{"start":{"line":146,"column":1},"end":{"line":146,"column":null}},"57":{"start":{"line":160,"column":23},"end":{"line":160,"column":85}},"58":{"start":{"line":160,"column":51},"end":{"line":160,"column":84}},"59":{"start":{"line":162,"column":22},"end":{"line":162,"column":45}},"60":{"start":{"line":164,"column":20},"end":{"line":164,"column":94}},"61":{"start":{"line":164,"column":65},"end":{"line":164,"column":93}},"62":{"start":{"line":166,"column":1},"end":{"line":166,"column":null}},"63":{"start":{"line":176,"column":1},"end":{"line":177,"column":null}},"64":{"start":{"line":177,"column":2},"end":{"line":177,"column":null}},"65":{"start":{"line":178,"column":14},"end":{"line":178,"column":24}},"66":{"start":{"line":179,"column":14},"end":{"line":179,"column":24}},"67":{"start":{"line":180,"column":24},"end":{"line":180,"column":37}},"68":{"start":{"line":182,"column":1},"end":{"line":210,"column":null}},"69":{"start":{"line":187,"column":3},"end":{"line":188,"column":null}},"70":{"start":{"line":188,"column":10},"end":{"line":188,"column":null}},"71":{"start":{"line":189,"column":3},"end":{"line":189,"column":null}},"72":{"start":{"line":192,"column":3},"end":{"line":193,"column":null}},"73":{"start":{"line":193,"column":4},"end":{"line":193,"column":null}},"74":{"start":{"line":194,"column":3},"end":{"line":194,"column":null}},"75":{"start":{"line":197,"column":3},"end":{"line":198,"column":28}},"76":{"start":{"line":198,"column":4},"end":{"line":198,"column":28}},"77":{"start":{"line":199,"column":3},"end":{"line":199,"column":null}},"78":{"start":{"line":202,"column":3},"end":{"line":203,"column":null}},"79":{"start":{"line":203,"column":4},"end":{"line":203,"column":null}},"80":{"start":{"line":204,"column":3},"end":{"line":204,"column":null}},"81":{"start":{"line":207,"column":3},"end":{"line":208,"column":null}},"82":{"start":{"line":208,"column":4},"end":{"line":208,"column":null}},"83":{"start":{"line":209,"column":3},"end":{"line":209,"column":null}},"84":{"start":{"line":211,"column":18},"end":{"line":211,"column":79}},"85":{"start":{"line":212,"column":1},"end":{"line":212,"column":null}}},"fnMap":{"0":{"name":"hasCollisionBelow","decl":{"start":{"line":17,"column":9},"end":{"line":17,"column":26}},"loc":{"start":{"line":18,"column":0},"end":{"line":46,"column":null}},"line":18},"1":{"name":"dropPiece","decl":{"start":{"line":53,"column":9},"end":{"line":53,"column":18}},"loc":{"start":{"line":54,"column":0},"end":{"line":67,"column":null}},"line":54},"2":{"name":"canRotate","decl":{"start":{"line":74,"column":9},"end":{"line":74,"column":18}},"loc":{"start":{"line":75,"column":0},"end":{"line":101,"column":null}},"line":75},"3":{"name":"canPieceMoveTo","decl":{"start":{"line":109,"column":9},"end":{"line":109,"column":23}},"loc":{"start":{"line":110,"column":0},"end":{"line":128,"column":null}},"line":110},"4":{"name":"findFullLines","decl":{"start":{"line":135,"column":9},"end":{"line":135,"column":22}},"loc":{"start":{"line":136,"column":0},"end":{"line":147,"column":null}},"line":136},"5":{"name":"(anonymous_5)","decl":{"start":{"line":141,"column":20},"end":{"line":141,"column":24}},"loc":{"start":{"line":141,"column":28},"end":{"line":141,"column":54}},"line":141},"6":{"name":"getNewGrid","decl":{"start":{"line":158,"column":9},"end":{"line":158,"column":19}},"loc":{"start":{"line":159,"column":0},"end":{"line":167,"column":null}},"line":159},"7":{"name":"(anonymous_7)","decl":{"start":{"line":160,"column":35},"end":{"line":160,"column":36}},"loc":{"start":{"line":160,"column":51},"end":{"line":160,"column":84}},"line":160},"8":{"name":"(anonymous_8)","decl":{"start":{"line":164,"column":59},"end":{"line":164,"column":60}},"loc":{"start":{"line":164,"column":65},"end":{"line":164,"column":93}},"line":164},"9":{"name":"handleKeyPress","decl":{"start":{"line":174,"column":9},"end":{"line":174,"column":23}},"loc":{"start":{"line":175,"column":0},"end":{"line":213,"column":1}},"line":175}},"branchMap":{"0":{"loc":{"start":{"line":27,"column":3},"end":{"line":42,"column":null}},"type":"if","locations":[{"start":{"line":27,"column":3},"end":{"line":42,"column":null}},{"start":{},"end":{}}],"line":27},"1":{"loc":{"start":{"line":31,"column":27},"end":{"line":31,"column":68}},"type":"binary-expr","locations":[{"start":{"line":31,"column":27},"end":{"line":31,"column":41}},{"start":{"line":31,"column":45},"end":{"line":31,"column":68}}],"line":31},"2":{"loc":{"start":{"line":33,"column":4},"end":{"line":34,"column":null}},"type":"if","locations":[{"start":{"line":33,"column":4},"end":{"line":34,"column":null}},{"start":{},"end":{}}],"line":33},"3":{"loc":{"start":{"line":33,"column":8},"end":{"line":33,"column":41}},"type":"binary-expr","locations":[{"start":{"line":33,"column":8},"end":{"line":33,"column":23}},{"start":{"line":33,"column":27},"end":{"line":33,"column":41}}],"line":33},"4":{"loc":{"start":{"line":40,"column":4},"end":{"line":41,"column":null}},"type":"if","locations":[{"start":{"line":40,"column":4},"end":{"line":41,"column":null}},{"start":{},"end":{}}],"line":40},"5":{"loc":{"start":{"line":40,"column":8},"end":{"line":40,"column":38}},"type":"binary-expr","locations":[{"start":{"line":40,"column":8},"end":{"line":40,"column":20}},{"start":{"line":40,"column":24},"end":{"line":40,"column":38}}],"line":40},"6":{"loc":{"start":{"line":55,"column":1},"end":{"line":56,"column":null}},"type":"if","locations":[{"start":{"line":55,"column":1},"end":{"line":56,"column":null}},{"start":{},"end":{}}],"line":55},"7":{"loc":{"start":{"line":63,"column":1},"end":{"line":66,"column":null}},"type":"if","locations":[{"start":{"line":63,"column":1},"end":{"line":66,"column":null}},{"start":{"line":66,"column":2},"end":{"line":66,"column":null}}],"line":63},"8":{"loc":{"start":{"line":85,"column":3},"end":{"line":96,"column":null}},"type":"if","locations":[{"start":{"line":85,"column":3},"end":{"line":96,"column":null}},{"start":{},"end":{}}],"line":85},"9":{"loc":{"start":{"line":91,"column":4},"end":{"line":92,"column":null}},"type":"if","locations":[{"start":{"line":91,"column":4},"end":{"line":92,"column":null}},{"start":{},"end":{}}],"line":91},"10":{"loc":{"start":{"line":91,"column":8},"end":{"line":91,"column":68}},"type":"binary-expr","locations":[{"start":{"line":91,"column":8},"end":{"line":91,"column":19}},{"start":{"line":91,"column":23},"end":{"line":91,"column":43}},{"start":{"line":91,"column":47},"end":{"line":91,"column":68}}],"line":91},"11":{"loc":{"start":{"line":94,"column":4},"end":{"line":95,"column":null}},"type":"if","locations":[{"start":{"line":94,"column":4},"end":{"line":95,"column":null}},{"start":{},"end":{}}],"line":94},"12":{"loc":{"start":{"line":94,"column":8},"end":{"line":94,"column":88}},"type":"binary-expr","locations":[{"start":{"line":94,"column":8},"end":{"line":94,"column":20}},{"start":{"line":94,"column":25},"end":{"line":94,"column":53}},{"start":{"line":94,"column":57},"end":{"line":94,"column":87}}],"line":94},"13":{"loc":{"start":{"line":116,"column":3},"end":{"line":124,"column":null}},"type":"if","locations":[{"start":{"line":116,"column":3},"end":{"line":124,"column":null}},{"start":{},"end":{}}],"line":116},"14":{"loc":{"start":{"line":120,"column":4},"end":{"line":121,"column":null}},"type":"if","locations":[{"start":{"line":120,"column":4},"end":{"line":121,"column":null}},{"start":{},"end":{}}],"line":120},"15":{"loc":{"start":{"line":120,"column":8},"end":{"line":120,"column":65}},"type":"binary-expr","locations":[{"start":{"line":120,"column":8},"end":{"line":120,"column":18}},{"start":{"line":120,"column":22},"end":{"line":120,"column":41}},{"start":{"line":120,"column":45},"end":{"line":120,"column":65}}],"line":120},"16":{"loc":{"start":{"line":122,"column":4},"end":{"line":123,"column":null}},"type":"if","locations":[{"start":{"line":122,"column":4},"end":{"line":123,"column":null}},{"start":{},"end":{}}],"line":122},"17":{"loc":{"start":{"line":122,"column":8},"end":{"line":122,"column":83}},"type":"binary-expr","locations":[{"start":{"line":122,"column":8},"end":{"line":122,"column":19}},{"start":{"line":122,"column":24},"end":{"line":122,"column":50}},{"start":{"line":122,"column":54},"end":{"line":122,"column":82}}],"line":122},"18":{"loc":{"start":{"line":141,"column":2},"end":{"line":144,"column":null}},"type":"if","locations":[{"start":{"line":141,"column":2},"end":{"line":144,"column":null}},{"start":{},"end":{}}],"line":141},"19":{"loc":{"start":{"line":141,"column":28},"end":{"line":141,"column":54}},"type":"binary-expr","locations":[{"start":{"line":141,"column":28},"end":{"line":141,"column":38}},{"start":{"line":141,"column":42},"end":{"line":141,"column":54}}],"line":141},"20":{"loc":{"start":{"line":176,"column":1},"end":{"line":177,"column":null}},"type":"if","locations":[{"start":{"line":176,"column":1},"end":{"line":177,"column":null}},{"start":{},"end":{}}],"line":176},"21":{"loc":{"start":{"line":176,"column":5},"end":{"line":176,"column":31}},"type":"binary-expr","locations":[{"start":{"line":176,"column":5},"end":{"line":176,"column":11}},{"start":{"line":176,"column":15},"end":{"line":176,"column":31}}],"line":176},"22":{"loc":{"start":{"line":182,"column":1},"end":{"line":210,"column":null}},"type":"switch","locations":[{"start":{"line":185,"column":2},"end":{"line":185,"column":null}},{"start":{"line":186,"column":2},"end":{"line":189,"column":null}},{"start":{"line":190,"column":2},"end":{"line":190,"column":null}},{"start":{"line":191,"column":2},"end":{"line":194,"column":null}},{"start":{"line":195,"column":2},"end":{"line":195,"column":null}},{"start":{"line":196,"column":2},"end":{"line":199,"column":null}},{"start":{"line":200,"column":2},"end":{"line":200,"column":null}},{"start":{"line":201,"column":2},"end":{"line":204,"column":null}},{"start":{"line":205,"column":2},"end":{"line":205,"column":null}},{"start":{"line":206,"column":2},"end":{"line":209,"column":null}}],"line":182},"23":{"loc":{"start":{"line":192,"column":3},"end":{"line":193,"column":null}},"type":"if","locations":[{"start":{"line":192,"column":3},"end":{"line":193,"column":null}},{"start":{},"end":{}}],"line":192},"24":{"loc":{"start":{"line":197,"column":3},"end":{"line":198,"column":28}},"type":"if","locations":[{"start":{"line":197,"column":3},"end":{"line":198,"column":28}},{"start":{},"end":{}}],"line":197},"25":{"loc":{"start":{"line":202,"column":3},"end":{"line":203,"column":null}},"type":"if","locations":[{"start":{"line":202,"column":3},"end":{"line":203,"column":null}},{"start":{},"end":{}}],"line":202},"26":{"loc":{"start":{"line":207,"column":3},"end":{"line":208,"column":null}},"type":"if","locations":[{"start":{"line":207,"column":3},"end":{"line":208,"column":null}},{"start":{},"end":{}}],"line":207}},"s":{"0":5,"1":5,"2":9,"3":9,"4":15,"5":15,"6":15,"7":15,"8":15,"9":15,"10":2,"11":13,"12":13,"13":13,"14":1,"15":2,"16":3,"17":1,"18":2,"19":2,"20":2,"21":1,"22":1,"23":3,"24":3,"25":3,"26":3,"27":6,"28":6,"29":16,"30":7,"31":7,"32":7,"33":1,"34":6,"35":1,"36":1,"37":5,"38":5,"39":5,"40":8,"41":8,"42":15,"43":15,"44":15,"45":15,"46":1,"47":14,"48":1,"49":3,"50":3,"51":3,"52":3,"53":60,"54":87,"55":3,"56":60,"57":1,"58":20,"59":1,"60":1,"61":1,"62":1,"63":3,"64":1,"65":2,"66":2,"67":2,"68":2,"69":0,"70":0,"71":0,"72":0,"73":0,"74":0,"75":0,"76":0,"77":0,"78":1,"79":1,"80":1,"81":1,"82":1,"83":1,"84":2,"85":2},"f":{"0":5,"1":3,"2":3,"3":5,"4":3,"5":87,"6":1,"7":20,"8":1,"9":3},"b":{"0":[15,0],"1":[15,15],"2":[2,13],"3":[15,13],"4":[1,12],"5":[13,12],"6":[1,2],"7":[1,1],"8":[7,9],"9":[1,6],"10":[7,7,6],"11":[1,5],"12":[6,6,5],"13":[15,0],"14":[1,14],"15":[15,15,14],"16":[1,13],"17":[14,14,13],"18":[3,57],"19":[87,57],"20":[1,2],"21":[3,2],"22":[0,0,0,0,0,0,1,1,1,1],"23":[0,0],"24":[0,0],"25":[1,0],"26":[1,0]},"meta":{"lastBranch":27,"lastFunction":10,"lastStatement":86,"seen":{"f:17:9:17:26":0,"s:19:1:44:Infinity":0,"s:19:14:19:15":1,"s:21:2:43:Infinity":2,"s:21:15:21:16":3,"s:24:22:24:40":4,"s:25:22:25:36":5,"b:27:3:42:Infinity:undefined:undefined:undefined:undefined":0,"s:27:3:42:Infinity":6,"s:30:28:30:52":7,"s:31:27:31:68":8,"b:31:27:31:41:31:45:31:68":1,"b:33:4:34:Infinity:undefined:undefined:undefined:undefined":2,"s:33:4:34:Infinity":9,"b:33:8:33:23:33:27:33:41":3,"s:34:5:34:Infinity":10,"s:37:25:37:59":11,"s:38:27:38:63":12,"b:40:4:41:Infinity:undefined:undefined:undefined:undefined":4,"s:40:4:41:Infinity":13,"b:40:8:40:20:40:24:40:38":5,"s:41:5:41:Infinity":14,"s:45:1:45:Infinity":15,"f:53:9:53:18":1,"b:55:1:56:Infinity:undefined:undefined:undefined:undefined":6,"s:55:1:56:Infinity":16,"s:56:2:56:Infinity":17,"s:58:20:58:55":18,"s:61:19:61:86":19,"b:63:1:66:Infinity:66:2:66:Infinity":7,"s:63:1:66:Infinity":20,"s:64:2:64:Infinity":21,"s:66:2:66:Infinity":22,"f:74:9:74:18":2,"s:77:30:77:79":23,"s:78:26:78:58":24,"s:81:1:99:Infinity":25,"s:81:14:81:15":26,"s:83:8:98:Infinity":27,"s:83:21:83:22":28,"b:85:3:96:Infinity:undefined:undefined:undefined:undefined":8,"s:85:3:96:Infinity":29,"s:87:21:87:35":30,"s:88:20:88:34":31,"b:91:4:92:Infinity:undefined:undefined:undefined:undefined":9,"s:91:4:92:Infinity":32,"b:91:8:91:19:91:23:91:43:91:47:91:68":10,"s:92:5:92:Infinity":33,"b:94:4:95:Infinity:undefined:undefined:undefined:undefined":11,"s:94:4:95:Infinity":34,"b:94:8:94:20:94:25:94:53:94:57:94:87":12,"s:95:5:95:Infinity":35,"s:100:1:100:Infinity":36,"f:109:9:109:23":3,"s:111:21:111:53":37,"s:112:1:126:Infinity":38,"s:112:14:112:15":39,"s:114:2:125:Infinity":40,"s:114:15:114:16":41,"b:116:3:124:Infinity:undefined:undefined:undefined:undefined":13,"s:116:3:124:Infinity":42,"s:118:19:118:32":43,"s:119:19:119:32":44,"b:120:4:121:Infinity:undefined:undefined:undefined:undefined":14,"s:120:4:121:Infinity":45,"b:120:8:120:18:120:22:120:41:120:45:120:65":15,"s:121:5:121:Infinity":46,"b:122:4:123:Infinity:undefined:undefined:undefined:undefined":16,"s:122:4:123:Infinity":47,"b:122:8:122:19:122:24:122:50:122:54:122:82":17,"s:123:20:123:Infinity":48,"s:127:1:127:Infinity":49,"f:135:9:135:22":4,"s:137:22:137:24":50,"s:139:1:145:Infinity":51,"s:139:14:139:15":52,"b:141:2:144:Infinity:undefined:undefined:undefined:undefined":18,"s:141:2:144:Infinity":53,"f:141:20:141:24":5,"s:141:28:141:54":54,"b:141:28:141:38:141:42:141:54":19,"s:143:3:143:Infinity":55,"s:146:1:146:Infinity":56,"f:158:9:158:19":6,"s:160:23:160:85":57,"f:160:35:160:36":7,"s:160:51:160:84":58,"s:162:22:162:45":59,"s:164:20:164:94":60,"f:164:59:164:60":8,"s:164:65:164:93":61,"s:166:1:166:Infinity":62,"f:174:9:174:23":9,"b:176:1:177:Infinity:undefined:undefined:undefined:undefined":20,"s:176:1:177:Infinity":63,"b:176:5:176:11:176:15:176:31":21,"s:177:2:177:Infinity":64,"s:178:14:178:24":65,"s:179:14:179:24":66,"s:180:24:180:37":67,"b:185:2:185:Infinity:186:2:189:Infinity:190:2:190:Infinity:191:2:194:Infinity:195:2:195:Infinity:196:2:199:Infinity:200:2:200:Infinity:201:2:204:Infinity:205:2:205:Infinity:206:2:209:Infinity":22,"s:182:1:210:Infinity":68,"s:187:3:188:Infinity":69,"s:188:10:188:Infinity":70,"s:189:3:189:Infinity":71,"b:192:3:193:Infinity:undefined:undefined:undefined:undefined":23,"s:192:3:193:Infinity":72,"s:193:4:193:Infinity":73,"s:194:3:194:Infinity":74,"b:197:3:198:28:undefined:undefined:undefined:undefined":24,"s:197:3:198:28":75,"s:198:4:198:28":76,"s:199:3:199:Infinity":77,"b:202:3:203:Infinity:undefined:undefined:undefined:undefined":25,"s:202:3:203:Infinity":78,"s:203:4:203:Infinity":79,"s:204:3:204:Infinity":80,"b:207:3:208:Infinity:undefined:undefined:undefined:undefined":26,"s:207:3:208:Infinity":81,"s:208:4:208:Infinity":82,"s:209:3:209:Infinity":83,"s:211:18:211:79":84,"s:212:1:212:Infinity":85}}}
}
